13:17:48.009 [main] INFO  org.testng.internal.Utils - [TestNG] Running:
  C:\Users\Pravin\AppData\Local\JetBrains\IdeaIC2025.1\temp-testng-customsuite.xml

13:18:19.302 [main] INFO  org.testng.internal.Utils - [TestNG] Running:
  C:\Users\Pravin\IdeaProjects\Opencart_Project\master.xml

13:26:29.531 [main] INFO  org.testng.internal.Utils - [TestNG] Running:
  C:\Users\Pravin\IdeaProjects\Opencart_Project\master.xml

13:36:14.555 [main] INFO  org.testng.internal.Utils - [TestNG] Running:
  C:\Users\Pravin\IdeaProjects\Opencart_Project\master.xml

13:53:44.041 [main] INFO  org.testng.internal.Utils - [TestNG] Running:
  C:\Users\Pravin\IdeaProjects\Opencart_Project\master.xml

13:54:15.764 [main] INFO  org.testng.internal.Utils - [TestNG] Running:
  C:\Users\Pravin\IdeaProjects\Opencart_Project\master.xml

13:54:21.905 [main] INFO  testCases.TC002_LoginTest - ******************** Starting TC002_LoginTest **********************
13:54:21.953 [main] INFO  testCases.TC002_LoginTest - ******************** Clicking on My Account **********************
13:54:22.115 [main] INFO  testCases.TC002_LoginTest - ******************** Clicking on Login **********************
13:54:23.763 [main] INFO  testCases.TC002_LoginTest - ******************** Checking confirmation message **********************
22:02:30.617 [main] INFO  org.testng.internal.Utils - [TestNG] Running:
  C:\Users\Pravin\IdeaProjects\Opencart_Project\master.xml

22:02:58.469 [main] INFO  testCases.TC002_LoginTest - ******************** Starting TC002_LoginTest **********************
22:02:58.520 [main] INFO  testCases.TC002_LoginTest - ******************** Clicking on My Account **********************
22:02:58.633 [main] INFO  testCases.TC002_LoginTest - ******************** Clicking on Login **********************
22:03:00.015 [main] INFO  testCases.TC002_LoginTest - ******************** Checking confirmation message **********************
22:03:00.040 [main] INFO  testCases.TC002_LoginTest - ******************** Finished TC002_LoginTest **********************
22:40:10.692 [main] INFO  org.testng.internal.Utils - [TestNG] Running:
  C:\Users\Pravin\IdeaProjects\Opencart_Project\master.xml

22:40:16.869 [main] INFO  testCases.TC002_LoginTest - ******************** Starting TC002_LoginTest **********************
22:40:16.901 [main] INFO  testCases.TC002_LoginTest - ******************** Clicking on My Account **********************
22:40:17.033 [main] INFO  testCases.TC002_LoginTest - ******************** Clicking on Login **********************
22:40:18.572 [main] INFO  testCases.TC002_LoginTest - ******************** Checking confirmation message **********************
22:40:19.137 [main] INFO  testCases.TC002_LoginTest - ******************** Finished TC002_LoginTest **********************
22:44:59.307 [main] INFO  org.testng.internal.Utils - [TestNG] Running:
  C:\Users\Pravin\IdeaProjects\Opencart_Project\master.xml

22:45:05.609 [main] INFO  testCases.TC002_LoginTest - ******************** Starting TC002_LoginTest **********************
22:45:05.656 [main] INFO  testCases.TC002_LoginTest - ******************** Clicking on My Account **********************
22:45:05.795 [main] INFO  testCases.TC002_LoginTest - ******************** Clicking on Login **********************
22:45:09.275 [main] INFO  testCases.TC002_LoginTest - ******************** Checking confirmation message **********************
22:46:44.803 [main] INFO  org.testng.internal.Utils - [TestNG] Running:
  C:\Users\Pravin\IdeaProjects\Opencart_Project\master.xml

22:46:50.763 [main] INFO  testCases.TC002_LoginTest - ******************** Starting TC002_LoginTest **********************
22:46:50.821 [main] INFO  testCases.TC002_LoginTest - ******************** Clicking on My Account **********************
22:46:50.940 [main] INFO  testCases.TC002_LoginTest - ******************** Clicking on Login **********************
22:46:52.373 [main] INFO  testCases.TC002_LoginTest - ******************** Checking confirmation message **********************
22:46:53.022 [main] INFO  testCases.TC002_LoginTest - ******************** Finished TC002_LoginTest **********************
23:31:57.535 [main] INFO  org.testng.internal.Utils - [TestNG] Running:
  C:\Users\Pravin\IdeaProjects\Opencart_Project\master.xml

23:32:07.419 [main] INFO  testCases.TC003_LoginDDT - ******************** Starting TC002_LoginTest **********************
23:32:09.351 [main] INFO  testCases.TC003_LoginDDT - ******************** Starting TC002_LoginTest **********************
23:32:19.467 [main] INFO  testCases.TC003_LoginDDT - ******************** Starting TC002_LoginTest **********************
23:32:29.924 [main] INFO  testCases.TC003_LoginDDT - ******************** Starting TC002_LoginTest **********************
23:32:29.947 [main] INFO  testCases.TC003_LoginDDT - ******************** Starting TC002_LoginTest **********************
23:34:06.811 [main] INFO  org.testng.internal.Utils - [TestNG] Running:
  C:\Users\Pravin\IdeaProjects\Opencart_Project\master.xml

23:34:15.739 [main] INFO  testCases.TC003_LoginDDT - ******************** Starting TC002_LoginTest **********************
23:34:18.010 [main] INFO  testCases.TC003_LoginDDT - ******************** Starting TC002_LoginTest **********************
23:34:39.358 [main] INFO  testCases.TC003_LoginDDT - ******************** Starting TC002_LoginTest **********************
23:34:41.197 [main] INFO  testCases.TC003_LoginDDT - ******************** Starting TC002_LoginTest **********************
23:35:02.350 [main] INFO  testCases.TC003_LoginDDT - ******************** Starting TC002_LoginTest **********************
